<?xml version="1.0" encoding="UTF-8"?>
<testng-results ignored="0" total="1" passed="1" failed="0" skipped="0">
  <reporter-output>
  </reporter-output>
  <suite started-at="2025-10-14T23:38:09 IST" name="OrangeHRM Suite" finished-at="2025-10-14T23:38:18 IST" duration-ms="8829">
    <groups>
    </groups>
    <test started-at="2025-10-14T23:38:09 IST" name="Login and Dashboard Tests" finished-at="2025-10-14T23:38:18 IST" duration-ms="8829">
      <class name="com.example.orangehrm.tests.LoginTest">
        <test-method is-config="true" signature="setUp(java.lang.reflect.Method,java.lang.String)[pri:0, instance:com.example.orangehrm.tests.LoginTest@1e1a0406]" started-at="2025-10-14T23:38:09 IST" name="setUp" finished-at="2025-10-14T23:38:12 IST" duration-ms="2720" status="PASS">
          <params>
            <param index="0">
              <value>
                <![CDATA[public void com.example.orangehrm.tests.LoginTest.loginTest(com.example.orangehrm.models.UserData)]]>
              </value>
            </param>
            <param index="1">
              <value>
                <![CDATA[true]]>
              </value>
            </param>
          </params>
          <reporter-output>
          </reporter-output>
        </test-method> <!-- setUp -->
        <test-method signature="loginTest(com.example.orangehrm.models.UserData)[pri:0, instance:com.example.orangehrm.tests.LoginTest@1e1a0406]" started-at="2025-10-14T23:38:12 IST" name="loginTest" data-provider="jsonUsers" finished-at="2025-10-14T23:38:18 IST" duration-ms="5556" status="PASS">
          <params>
            <param index="0">
              <value>
                <![CDATA[com.example.orangehrm.models.UserData@37045b48]]>
              </value>
            </param>
          </params>
          <reporter-output>
          </reporter-output>
        </test-method> <!-- loginTest -->
        <test-method is-config="true" signature="tearDown(org.testng.ITestResult)[pri:0, instance:com.example.orangehrm.tests.LoginTest@1e1a0406]" started-at="2025-10-14T23:38:18 IST" name="tearDown" finished-at="2025-10-14T23:38:18 IST" duration-ms="492" status="PASS">
          <params>
            <param index="0">
              <value>
                <![CDATA[[TestResult name=loginTest status=SUCCESS method=LoginTest.loginTest(com.example.orangehrm.models.UserData)[pri:0, instance:com.example.orangehrm.tests.LoginTest@1e1a0406] output={null}]]]>
              </value>
            </param>
          </params>
          <reporter-output>
          </reporter-output>
        </test-method> <!-- tearDown -->
      </class> <!-- com.example.orangehrm.tests.LoginTest -->
    </test> <!-- Login and Dashboard Tests -->
  </suite> <!-- OrangeHRM Suite -->
</testng-results>
